Build started 12/4/2015 3:22:00 PM.
     1>Project "C:\Users\Hussein\Documents\GitHub\Compiler_Parser\Compiler_Scanner\Compiler_Scanner\Compiler_Scanner.vcxproj" on node 2 (build target(s)).
     1>InitializeBuildStatus:
         Creating "Debug\Compiler_Scanner.unsuccessfulbuild" because "AlwaysCreate" was specified.
       ClCompile:
         C:\Program Files (x86)\Microsoft Visual Studio 10.0\VC\bin\CL.exe /c /ZI /nologo /W3 /WX- /Od /Oy- /D WIN32 /D _DEBUG /D _CONSOLE /D _UNICODE /D UNICODE /Gm /EHsc /RTC1 /MDd /GS /fp:precise /Zc:wchar_t /Zc:forScope /Fo"Debug\\" /Fd"Debug\vc100.pdb" /Gd /TP /analyze- /errorReport:prompt scannerCode.cpp
         scannerCode.cpp
     1>c:\users\hussein\documents\github\compiler_parser\compiler_scanner\compiler_scanner\scannercode.cpp(23): warning C4018: '<' : signed/unsigned mismatch
     1>c:\users\hussein\documents\github\compiler_parser\compiler_scanner\compiler_scanner\scannercode.cpp(191): warning C4996: 'freopen': This function or variable may be unsafe. Consider using freopen_s instead. To disable deprecation, use _CRT_SECURE_NO_WARNINGS. See online help for details.
                 c:\program files (x86)\microsoft visual studio 10.0\vc\include\stdio.h(249) : see declaration of 'freopen'
       Link:
         C:\Program Files (x86)\Microsoft Visual Studio 10.0\VC\bin\link.exe /ERRORREPORT:PROMPT /OUT:"C:\Users\Hussein\Documents\GitHub\Compiler_Parser\Compiler_Scanner\Debug\Compiler_Scanner.exe" /INCREMENTAL:NO /NOLOGO kernel32.lib user32.lib gdi32.lib winspool.lib comdlg32.lib advapi32.lib shell32.lib ole32.lib oleaut32.lib uuid.lib odbc32.lib odbccp32.lib /MANIFEST /ManifestFile:"Debug\Compiler_Scanner.exe.intermediate.manifest" /MANIFESTUAC:"level='asInvoker' uiAccess='false'" /DEBUG /PDB:"C:\Users\Hussein\Documents\GitHub\Compiler_Parser\Compiler_Scanner\Debug\Compiler_Scanner.pdb" /SUBSYSTEM:CONSOLE /TLBID:1 /DYNAMICBASE /NXCOMPAT /IMPLIB:"C:\Users\Hussein\Documents\GitHub\Compiler_Parser\Compiler_Scanner\Debug\Compiler_Scanner.lib" /MACHINE:X86 Debug\scannerCode.obj
     1>scannerCode.obj : warning LNK4075: ignoring '/EDITANDCONTINUE' due to '/INCREMENTAL:NO' specification
         Compiler_Scanner.vcxproj -> C:\Users\Hussein\Documents\GitHub\Compiler_Parser\Compiler_Scanner\Debug\Compiler_Scanner.exe
       Manifest:
         C:\Program Files (x86)\Microsoft SDKs\Windows\v7.0A\bin\mt.exe /nologo /verbose /outputresource:"C:\Users\Hussein\Documents\GitHub\Compiler_Parser\Compiler_Scanner\Debug\Compiler_Scanner.exe;#1" /manifest Debug\Compiler_Scanner.exe.intermediate.manifest
       FinalizeBuildStatus:
         Deleting file "Debug\Compiler_Scanner.unsuccessfulbuild".
         Touching "Debug\Compiler_Scanner.lastbuildstate".
     1>Done Building Project "C:\Users\Hussein\Documents\GitHub\Compiler_Parser\Compiler_Scanner\Compiler_Scanner\Compiler_Scanner.vcxproj" (build target(s)).

Build succeeded.

Time Elapsed 00:00:00.85
